This is pdfTeX, Version 3.14159265-2.6-1.40.19 (MiKTeX 2.9.6840) (preloaded format=pdflatex 2018.7.28)  22 NOV 2018 17:29
entering extended mode
**./sim_tree_aligned.tex
(sim_tree_aligned.tex
LaTeX2e <2018-04-01> patch level 5
(/home/dell/.miktex/texmfs/install/tex/latex/base/article.cls
Document Class: article 2014/09/29 v1.4h Standard LaTeX document class
(/home/dell/.miktex/texmfs/install/tex/latex/base/size10.clo
File: size10.clo 2014/09/29 v1.4h Standard LaTeX file (size option)
)
\c@part=\count80
\c@section=\count81
\c@subsection=\count82
\c@subsubsection=\count83
\c@paragraph=\count84
\c@subparagraph=\count85
\c@figure=\count86
\c@table=\count87
\abovecaptionskip=\skip41
\belowcaptionskip=\skip42
\bibindent=\dimen102
)
(/home/dell/R/x86_64-pc-linux-gnu-library/3.5/msa/tex/texshade.sty
Package: texshade 2011/05/13 LaTeX TeXshade (v1.24)

Package `texshade', Version 1.24 of 2011/12/01.
(/home/dell/.miktex/texmfs/install/tex/latex/graphics/color.sty
Package: color 2016/07/10 v1.1e Standard LaTeX Color (DPC)

(/home/dell/.miktex/texmfs/install/tex/latex/graphics-cfg/color.cfg
File: color.cfg 2016/01/02 v1.6 sample color configuration
)
Package color Info: Driver file: dvips.def on input line 147.

(/home/dell/.miktex/texmfs/install/tex/latex/graphics-def/dvips.def
File: dvips.def 2017/06/20 v3.1d Graphics/color driver for dvips
)
(/home/dell/.miktex/texmfs/install/tex/latex/graphics/dvipsnam.def
File: dvipsnam.def 2016/06/17 v3.0m Driver-dependent file (DPC,SPQR)
))
(/home/dell/.miktex/texmfs/install/tex/latex/graphics/graphics.sty
Package: graphics 2017/06/25 v1.2c Standard LaTeX Graphics (DPC,SPQR)

(/home/dell/.miktex/texmfs/install/tex/latex/graphics/trig.sty
Package: trig 2016/01/03 v1.10 sin cos tan (DPC)
)
(/home/dell/.miktex/texmfs/install/tex/latex/graphics-cfg/graphics.cfg
File: graphics.cfg 2016/06/04 v1.11 sample graphics configuration
)
Package graphics Info: Driver file: pdftex.def on input line 99.

(/home/dell/.miktex/texmfs/install/tex/latex/graphics-def/pdftex.def
File: pdftex.def 2018/01/08 v1.0l Graphics/color driver for pdftex
))
\structurefile=\read1
\featurefile=\write3
\alignfile=\read2
\sublogofile=\read3
\exp@rtfile=\write4

(/home/dell/.miktex/texmfs/install/tex/latex/amsfonts/amssymb.sty
Package: amssymb 2013/01/14 v3.01 AMS font symbols

(/home/dell/.miktex/texmfs/install/tex/latex/amsfonts/amsfonts.sty
Package: amsfonts 2013/01/14 v3.01 Basic AMSFonts support
\@emptytoks=\toks14
\symAMSa=\mathgroup4
\symAMSb=\mathgroup5
LaTeX Font Info:    Overwriting math alphabet `\mathfrak' in version `bold'
(Font)                  U/euf/m/n --> U/euf/b/n on input line 106.
))
\symalphahelix=\mathgroup6
\loopcount=\count88
\innerloopcount=\count89
\outerloopcount=\count90
\seq@count=\count91
\killseq@count=\count92
\seq@percent=\count93
\res@count=\count94
\seq@pointer=\count95
\pos@count=\count96
\res@perline=\count97
\end@count=\count98
\cons@count=\count99
\total@count=\count100
\temp@count=\count101
\triple@count=\count102
\temp@@count=\count103
\pos@sum=\count104
\box@width=\skip43
\name@width=\skip44
\box@depth=\skip45
\width@tmp=\skip46
\box@height=\skip47
\number@width=\skip48
\line@stretch=\skip49
\center@fill=\skip50
\arrow@width=\skip51
\arrow@height=\skip52
\rule@thick=\skip53
\arrow@thick=\skip54
\logo@height=\skip55
\equal@width=\skip56
\equal@tmp=\skip57
\equal@height=\skip58
\temp@@length=\skip59
\vspace@legend=\skip60
\hspace@legend=\skip61
Package color Info: Redefining color LightGray on input line 1704.
Package color Info: Redefining color LightLightGray on input line 1805.
Package color Info: Redefining color LightLightLightGray on input line 1907.
)
No file sim_tree_aligned.aux.
\openout1 = `sim_tree_aligned.aux'.

LaTeX Font Info:    Checking defaults for OML/cmm/m/it on input line 24.
LaTeX Font Info:    ... okay on input line 24.
LaTeX Font Info:    Checking defaults for T1/cmr/m/n on input line 24.
LaTeX Font Info:    ... okay on input line 24.
LaTeX Font Info:    Checking defaults for OT1/cmr/m/n on input line 24.
LaTeX Font Info:    ... okay on input line 24.
LaTeX Font Info:    Checking defaults for OMS/cmsy/m/n on input line 24.
LaTeX Font Info:    ... okay on input line 24.
LaTeX Font Info:    Checking defaults for OMX/cmex/m/n on input line 24.
LaTeX Font Info:    ... okay on input line 24.
LaTeX Font Info:    Checking defaults for U/cmr/m/n on input line 24.
LaTeX Font Info:    ... okay on input line 24.
(/home/dell/.miktex/texmfs/install/tex/context/base/supp-pdf.mkii
[Loading MPS to PDF converter (version 2006.09.02).]
\scratchcounter=\count105
\scratchdimen=\dimen103
\scratchbox=\box26
\nofMPsegments=\count106
\nofMParguments=\count107
\everyMPshowfont=\toks15
\MPscratchCnt=\count108
\MPscratchDim=\dimen104
\MPnumerator=\count109
\makeMPintoPDFobject=\count110
\everyMPtoPDFconversion=\toks16
) (/home/dell/.miktex/texmfs/install/tex/latex/oberdiek/epstopdf-base.sty
Package: epstopdf-base 2016/05/15 v2.6 Base part for package epstopdf

(/home/dell/.miktex/texmfs/install/tex/generic/oberdiek/infwarerr.sty
Package: infwarerr 2016/05/16 v1.4 Providing info/warning/error messages (HO)
)
(/home/dell/.miktex/texmfs/install/tex/latex/oberdiek/grfext.sty
Package: grfext 2016/05/16 v1.2 Manage graphics extensions (HO)

(/home/dell/.miktex/texmfs/install/tex/generic/oberdiek/kvdefinekeys.sty
Package: kvdefinekeys 2016/05/16 v1.4 Define keys (HO)

(/home/dell/.miktex/texmfs/install/tex/generic/oberdiek/ltxcmds.sty
Package: ltxcmds 2016/05/16 v1.23 LaTeX kernel commands for general use (HO)
)))
(/home/dell/.miktex/texmfs/install/tex/latex/oberdiek/kvoptions.sty
Package: kvoptions 2016/05/16 v3.12 Key value format for package options (HO)

(/home/dell/.miktex/texmfs/install/tex/latex/graphics/keyval.sty
Package: keyval 2014/10/28 v1.15 key=value parser (DPC)
\KV@toks@=\toks17
)
(/home/dell/.miktex/texmfs/install/tex/generic/oberdiek/kvsetkeys.sty
Package: kvsetkeys 2016/05/16 v1.17 Key value parser (HO)

(/home/dell/.miktex/texmfs/install/tex/generic/oberdiek/etexcmds.sty
Package: etexcmds 2016/05/16 v1.6 Avoid name clashes with e-TeX commands (HO)

(/home/dell/.miktex/texmfs/install/tex/generic/oberdiek/ifluatex.sty
Package: ifluatex 2016/05/16 v1.4 Provides the ifluatex switch (HO)
Package ifluatex Info: LuaTeX not detected.
)
Package etexcmds Info: Could not find \expanded.
(etexcmds)             That can mean that you are not using pdfTeX 1.50 or
(etexcmds)             that some package has redefined \expanded.
(etexcmds)             In the latter case, load this package earlier.
)))
(/home/dell/.miktex/texmfs/install/tex/generic/oberdiek/pdftexcmds.sty
Package: pdftexcmds 2018/01/30 v0.27 Utility functions of pdfTeX for LuaTeX (HO
)

(/home/dell/.miktex/texmfs/install/tex/generic/oberdiek/ifpdf.sty
Package: ifpdf 2017/03/15 v3.2 Provides the ifpdf switch
)
Package pdftexcmds Info: LuaTeX not detected.
Package pdftexcmds Info: \pdf@primitive is available.
Package pdftexcmds Info: \pdf@ifprimitive is available.
Package pdftexcmds Info: \pdfdraftmode found.
)
Package epstopdf-base Info: Redefining graphics rule for `.eps' on input line 4
38.
Package grfext Info: Graphics extension search list:
(grfext)             [.pdf,.png,.jpg,.mps,.jpeg,.jbig2,.jb2,.PDF,.PNG,.JPG,.JPE
G,.JBIG2,.JB2,.eps]
(grfext)             \AppendGraphicsExtensions on input line 456.
)
(/tmp/RtmpyQVxp9/seq3c42741bce6a.fasta:
! TeX capacity exceeded, sorry [input stack size=5000].
\seq@line ->
            ...................................................................
l.35 \end{texshade}
                   
If you really absolutely need more capacity,
you can ask a wizard to enlarge me.

 
Here is how much of TeX's memory you used:
 11548 strings out of 494891
 137346 string characters out of 3178733
 1196234 words of memory out of 3000000
 15177 multiletter control sequences out of 15000+200000
 4281 words of font info for 17 fonts, out of 3000000 for 9000
 0 hyphenation exceptions out of 8191
 5000i,1n,57p,285b,27894s stack positions out of 5000i,500n,10000p,200000b,50000s
!  ==> Fatal error occurred, no output PDF file produced!
